<?xml version="1.0" encoding="UTF-8"?>
<!-- Generated by org.testng.reporters.JUnitXMLReporter -->
<testsuite ignored="0" hostname="LAPTOP-8AGLCJ4U" failures="0" tests="3" name="Default test" time="37.425" errors="0" timestamp="2024-12-21T23:33:38 IST">
  <testcase classname="Module2_HomePage_Test.SwagLabsTestClass2" name="VerifyLogo" time="3.028"/>
  <testcase classname="Module2_HomePage_Test.SwagLabsTestClass2" name="ProductName" time="2.087"/>
  <testcase classname="Module2_HomePage_Test.SwagLabsTestClass2" name="ClickOnAddToCart" time="0.1"/>
</testsuite> <!-- Default test -->
