<?xml version="1.0" encoding="UTF-8"?>
<testng-results ignored="0" total="1" passed="1" failed="0" skipped="0">
  <reporter-output>
  </reporter-output>
  <suite started-at="2024-12-18T23:43:11 IST" name="Suite" finished-at="2024-12-18T23:43:26 IST" duration-ms="14389">
    <groups>
    </groups>
    <test started-at="2024-12-18T23:43:11 IST" name="Test" finished-at="2024-12-18T23:43:26 IST" duration-ms="14389">
      <class name="Module1_login_Test.SwagLabsTestClass1">
        <test-method is-config="true" signature="openBrowser()[pri:0, instance:Module1_login_Test.SwagLabsTestClass1@131774fe]" started-at="2024-12-18T23:43:11 IST" name="openBrowser" finished-at="2024-12-18T23:43:18 IST" duration-ms="7019" status="PASS">
          <reporter-output>
          </reporter-output>
        </test-method> <!-- openBrowser -->
        <test-method is-config="true" signature="LoginPage()[pri:0, instance:Module1_login_Test.SwagLabsTestClass1@131774fe]" started-at="2024-12-18T23:43:18 IST" name="LoginPage" finished-at="2024-12-18T23:43:20 IST" duration-ms="1458" status="PASS">
          <reporter-output>
          </reporter-output>
        </test-method> <!-- LoginPage -->
        <test-method signature="VerifyLogo()[pri:0, instance:Module1_login_Test.SwagLabsTestClass1@131774fe]" started-at="2024-12-18T23:43:20 IST" name="VerifyLogo" finished-at="2024-12-18T23:43:21 IST" duration-ms="1264" status="PASS">
          <reporter-output>
          </reporter-output>
        </test-method> <!-- VerifyLogo -->
        <test-method is-config="true" signature="Logout(org.testng.ITestResult)[pri:0, instance:Module1_login_Test.SwagLabsTestClass1@131774fe]" started-at="2024-12-18T23:43:21 IST" name="Logout" finished-at="2024-12-18T23:43:25 IST" duration-ms="4234" status="PASS">
          <params>
            <param index="0">
              <value>
                <![CDATA[[TestResult name=VerifyLogo status=SUCCESS method=SwagLabsTestClass1.VerifyLogo()[pri:0, instance:Module1_login_Test.SwagLabsTestClass1@131774fe] output={null}]]]>
              </value>
            </param>
          </params>
          <reporter-output>
          </reporter-output>
        </test-method> <!-- Logout -->
        <test-method is-config="true" signature="closeBrowser()[pri:0, instance:Module1_login_Test.SwagLabsTestClass1@131774fe]" started-at="2024-12-18T23:43:25 IST" name="closeBrowser" finished-at="2024-12-18T23:43:26 IST" duration-ms="321" status="PASS">
          <reporter-output>
          </reporter-output>
        </test-method> <!-- closeBrowser -->
      </class> <!-- Module1_login_Test.SwagLabsTestClass1 -->
    </test> <!-- Test -->
  </suite> <!-- Suite -->
</testng-results>
