<?xml version="1.0" encoding="UTF-8"?>
<testng-results ignored="0" total="1" passed="1" failed="0" skipped="0">
  <reporter-output>
  </reporter-output>
  <suite started-at="2024-12-19T23:46:13 IST" name="Suite" finished-at="2024-12-19T23:46:28 IST" duration-ms="14549">
    <groups>
    </groups>
    <test started-at="2024-12-19T23:46:13 IST" name="Test" finished-at="2024-12-19T23:46:28 IST" duration-ms="14549">
      <class name="Module1_login_Test.SwagLabsTestClass1">
        <test-method is-config="true" signature="openBrowser()[pri:0, instance:Module1_login_Test.SwagLabsTestClass1@2a265ea9]" started-at="2024-12-19T23:46:13 IST" name="openBrowser" finished-at="2024-12-19T23:46:20 IST" duration-ms="6677" status="PASS">
          <reporter-output>
          </reporter-output>
        </test-method> <!-- openBrowser -->
        <test-method is-config="true" signature="LoginPage()[pri:0, instance:Module1_login_Test.SwagLabsTestClass1@2a265ea9]" started-at="2024-12-19T23:46:20 IST" name="LoginPage" finished-at="2024-12-19T23:46:22 IST" duration-ms="2164" status="PASS">
          <reporter-output>
          </reporter-output>
        </test-method> <!-- LoginPage -->
        <test-method signature="VerifyLogo()[pri:0, instance:Module1_login_Test.SwagLabsTestClass1@2a265ea9]" started-at="2024-12-19T23:46:22 IST" name="VerifyLogo" finished-at="2024-12-19T23:46:23 IST" duration-ms="998" status="PASS">
          <reporter-output>
          </reporter-output>
        </test-method> <!-- VerifyLogo -->
        <test-method is-config="true" signature="Logout(org.testng.ITestResult)[pri:0, instance:Module1_login_Test.SwagLabsTestClass1@2a265ea9]" started-at="2024-12-19T23:46:23 IST" name="Logout" finished-at="2024-12-19T23:46:27 IST" duration-ms="4221" status="PASS">
          <params>
            <param index="0">
              <value>
                <![CDATA[[TestResult name=VerifyLogo status=SUCCESS method=SwagLabsTestClass1.VerifyLogo()[pri:0, instance:Module1_login_Test.SwagLabsTestClass1@2a265ea9] output={null}]]]>
              </value>
            </param>
          </params>
          <reporter-output>
          </reporter-output>
        </test-method> <!-- Logout -->
        <test-method is-config="true" signature="closeBrowser()[pri:0, instance:Module1_login_Test.SwagLabsTestClass1@2a265ea9]" started-at="2024-12-19T23:46:27 IST" name="closeBrowser" finished-at="2024-12-19T23:46:28 IST" duration-ms="437" status="PASS">
          <reporter-output>
          </reporter-output>
        </test-method> <!-- closeBrowser -->
      </class> <!-- Module1_login_Test.SwagLabsTestClass1 -->
    </test> <!-- Test -->
  </suite> <!-- Suite -->
</testng-results>
