<?xml version="1.0" encoding="UTF-8"?>
<testng-results ignored="0" total="1" passed="1" failed="0" skipped="0">
  <reporter-output>
  </reporter-output>
  <suite started-at="2024-12-03T21:54:53 IST" name="Suite" finished-at="2024-12-03T21:55:08 IST" duration-ms="14962">
    <groups>
    </groups>
    <test started-at="2024-12-03T21:54:53 IST" name="Test" finished-at="2024-12-03T21:55:08 IST" duration-ms="14962">
      <class name="Module1_login_Test.SwagLabsTestClass1">
        <test-method is-config="true" signature="openBrowser()[pri:0, instance:Module1_login_Test.SwagLabsTestClass1@4b0d79fc]" started-at="2024-12-03T21:54:53 IST" name="openBrowser" finished-at="2024-12-03T21:55:01 IST" duration-ms="7741" status="PASS">
          <reporter-output>
          </reporter-output>
        </test-method> <!-- openBrowser -->
        <test-method is-config="true" signature="LoginPage()[pri:0, instance:Module1_login_Test.SwagLabsTestClass1@4b0d79fc]" started-at="2024-12-03T21:55:01 IST" name="LoginPage" finished-at="2024-12-03T21:55:02 IST" duration-ms="1374" status="PASS">
          <reporter-output>
          </reporter-output>
        </test-method> <!-- LoginPage -->
        <test-method signature="VerifyLogo()[pri:0, instance:Module1_login_Test.SwagLabsTestClass1@4b0d79fc]" started-at="2024-12-03T21:55:02 IST" name="VerifyLogo" finished-at="2024-12-03T21:55:03 IST" duration-ms="1072" status="PASS">
          <reporter-output>
          </reporter-output>
        </test-method> <!-- VerifyLogo -->
        <test-method is-config="true" signature="Logout(org.testng.ITestResult)[pri:0, instance:Module1_login_Test.SwagLabsTestClass1@4b0d79fc]" started-at="2024-12-03T21:55:03 IST" name="Logout" finished-at="2024-12-03T21:55:07 IST" duration-ms="4198" status="PASS">
          <params>
            <param index="0">
              <value>
                <![CDATA[[TestResult name=VerifyLogo status=SUCCESS method=SwagLabsTestClass1.VerifyLogo()[pri:0, instance:Module1_login_Test.SwagLabsTestClass1@4b0d79fc] output={null}]]]>
              </value>
            </param>
          </params>
          <reporter-output>
          </reporter-output>
        </test-method> <!-- Logout -->
        <test-method is-config="true" signature="closeBrowser()[pri:0, instance:Module1_login_Test.SwagLabsTestClass1@4b0d79fc]" started-at="2024-12-03T21:55:07 IST" name="closeBrowser" finished-at="2024-12-03T21:55:08 IST" duration-ms="530" status="PASS">
          <reporter-output>
          </reporter-output>
        </test-method> <!-- closeBrowser -->
      </class> <!-- Module1_login_Test.SwagLabsTestClass1 -->
    </test> <!-- Test -->
  </suite> <!-- Suite -->
</testng-results>
