<?xml version="1.0" encoding="UTF-8"?>
<testng-results ignored="0" total="3" passed="3" failed="0" skipped="0">
  <reporter-output>
  </reporter-output>
  <suite started-at="2024-12-21T23:33:01 IST" name="Default suite" finished-at="2024-12-21T23:33:38 IST" duration-ms="37425">
    <groups>
    </groups>
    <test started-at="2024-12-21T23:33:01 IST" name="Default test" finished-at="2024-12-21T23:33:38 IST" duration-ms="37425">
      <class name="Module2_HomePage_Test.SwagLabsTestClass2">
        <test-method is-config="true" signature="openBrowser()[pri:0, instance:Module2_HomePage_Test.SwagLabsTestClass2@4b0d79fc]" started-at="2024-12-21T23:33:01 IST" name="openBrowser" finished-at="2024-12-21T23:33:15 IST" duration-ms="14548" status="PASS">
          <reporter-output>
          </reporter-output>
        </test-method> <!-- openBrowser -->
        <test-method is-config="true" signature="LoginPage()[pri:0, instance:Module2_HomePage_Test.SwagLabsTestClass2@4b0d79fc]" started-at="2024-12-21T23:33:15 IST" name="LoginPage" finished-at="2024-12-21T23:33:17 IST" duration-ms="1355" status="PASS">
          <reporter-output>
          </reporter-output>
        </test-method> <!-- LoginPage -->
        <test-method signature="VerifyLogo()[pri:1, instance:Module2_HomePage_Test.SwagLabsTestClass2@4b0d79fc]" started-at="2024-12-21T23:33:17 IST" name="VerifyLogo" finished-at="2024-12-21T23:33:20 IST" duration-ms="3028" status="PASS">
          <reporter-output>
          </reporter-output>
        </test-method> <!-- VerifyLogo -->
        <test-method is-config="true" signature="Logout(org.testng.ITestResult)[pri:0, instance:Module2_HomePage_Test.SwagLabsTestClass2@4b0d79fc]" started-at="2024-12-21T23:33:20 IST" name="Logout" finished-at="2024-12-21T23:33:24 IST" duration-ms="4205" status="PASS">
          <params>
            <param index="0">
              <value>
                <![CDATA[[TestResult name=VerifyLogo status=SUCCESS method=SwagLabsTestClass2.VerifyLogo()[pri:1, instance:Module2_HomePage_Test.SwagLabsTestClass2@4b0d79fc] output={null}]]]>
              </value>
            </param>
          </params>
          <reporter-output>
          </reporter-output>
        </test-method> <!-- Logout -->
        <test-method is-config="true" signature="LoginPage()[pri:0, instance:Module2_HomePage_Test.SwagLabsTestClass2@4b0d79fc]" started-at="2024-12-21T23:33:24 IST" name="LoginPage" finished-at="2024-12-21T23:33:25 IST" duration-ms="1305" status="PASS">
          <reporter-output>
          </reporter-output>
        </test-method> <!-- LoginPage -->
        <test-method signature="ProductName()[pri:2, instance:Module2_HomePage_Test.SwagLabsTestClass2@4b0d79fc]" started-at="2024-12-21T23:33:25 IST" name="ProductName" finished-at="2024-12-21T23:33:27 IST" duration-ms="2087" status="PASS">
          <reporter-output>
          </reporter-output>
        </test-method> <!-- ProductName -->
        <test-method is-config="true" signature="Logout(org.testng.ITestResult)[pri:0, instance:Module2_HomePage_Test.SwagLabsTestClass2@4b0d79fc]" started-at="2024-12-21T23:33:27 IST" name="Logout" finished-at="2024-12-21T23:33:32 IST" duration-ms="4167" status="PASS">
          <params>
            <param index="0">
              <value>
                <![CDATA[[TestResult name=ProductName status=SUCCESS method=SwagLabsTestClass2.ProductName()[pri:2, instance:Module2_HomePage_Test.SwagLabsTestClass2@4b0d79fc] output={null}]]]>
              </value>
            </param>
          </params>
          <reporter-output>
          </reporter-output>
        </test-method> <!-- Logout -->
        <test-method is-config="true" signature="LoginPage()[pri:0, instance:Module2_HomePage_Test.SwagLabsTestClass2@4b0d79fc]" started-at="2024-12-21T23:33:32 IST" name="LoginPage" finished-at="2024-12-21T23:33:33 IST" duration-ms="1279" status="PASS">
          <reporter-output>
          </reporter-output>
        </test-method> <!-- LoginPage -->
        <test-method signature="ClickOnAddToCart()[pri:3, instance:Module2_HomePage_Test.SwagLabsTestClass2@4b0d79fc]" started-at="2024-12-21T23:33:33 IST" name="ClickOnAddToCart" finished-at="2024-12-21T23:33:33 IST" duration-ms="100" status="PASS">
          <reporter-output>
          </reporter-output>
        </test-method> <!-- ClickOnAddToCart -->
        <test-method is-config="true" signature="Logout(org.testng.ITestResult)[pri:0, instance:Module2_HomePage_Test.SwagLabsTestClass2@4b0d79fc]" started-at="2024-12-21T23:33:33 IST" name="Logout" finished-at="2024-12-21T23:33:37 IST" duration-ms="4182" status="PASS">
          <params>
            <param index="0">
              <value>
                <![CDATA[[TestResult name=ClickOnAddToCart status=SUCCESS method=SwagLabsTestClass2.ClickOnAddToCart()[pri:3, instance:Module2_HomePage_Test.SwagLabsTestClass2@4b0d79fc] output={null}]]]>
              </value>
            </param>
          </params>
          <reporter-output>
          </reporter-output>
        </test-method> <!-- Logout -->
        <test-method is-config="true" signature="closeBrowser()[pri:0, instance:Module2_HomePage_Test.SwagLabsTestClass2@4b0d79fc]" started-at="2024-12-21T23:33:37 IST" name="closeBrowser" finished-at="2024-12-21T23:33:38 IST" duration-ms="1112" status="PASS">
          <reporter-output>
          </reporter-output>
        </test-method> <!-- closeBrowser -->
      </class> <!-- Module2_HomePage_Test.SwagLabsTestClass2 -->
    </test> <!-- Default test -->
  </suite> <!-- Default suite -->
</testng-results>
